0 info it worked if it ends with ok
1 verbose cli [ '/Users/SJ/.nvm/versions/node/v0.12.13/bin/node',
1 verbose cli   '/Users/SJ/.nvm/versions/node/v0.12.13/bin/npm',
1 verbose cli   'start' ]
2 info using npm@2.15.0
3 info using node@v0.12.13
4 verbose stack Error: missing script: start
4 verbose stack     at run (/Users/SJ/.nvm/versions/node/v0.12.13/lib/node_modules/npm/lib/run-script.js:142:19)
4 verbose stack     at /Users/SJ/.nvm/versions/node/v0.12.13/lib/node_modules/npm/lib/run-script.js:58:5
4 verbose stack     at /Users/SJ/.nvm/versions/node/v0.12.13/lib/node_modules/npm/node_modules/read-package-json/read-json.js:345:5
4 verbose stack     at checkBinReferences_ (/Users/SJ/.nvm/versions/node/v0.12.13/lib/node_modules/npm/node_modules/read-package-json/read-json.js:309:45)
4 verbose stack     at final (/Users/SJ/.nvm/versions/node/v0.12.13/lib/node_modules/npm/node_modules/read-package-json/read-json.js:343:3)
4 verbose stack     at then (/Users/SJ/.nvm/versions/node/v0.12.13/lib/node_modules/npm/node_modules/read-package-json/read-json.js:113:5)
4 verbose stack     at /Users/SJ/.nvm/versions/node/v0.12.13/lib/node_modules/npm/node_modules/read-package-json/read-json.js:284:20
4 verbose stack     at /Users/SJ/.nvm/versions/node/v0.12.13/lib/node_modules/npm/node_modules/graceful-fs/graceful-fs.js:78:16
4 verbose stack     at fs.js:263:20
4 verbose stack     at /Users/SJ/.nvm/versions/node/v0.12.13/lib/node_modules/npm/node_modules/graceful-fs/graceful-fs.js:232:16
5 verbose cwd /Users/SJ/Documents/node_JS
6 error Darwin 14.5.0
7 error argv "/Users/SJ/.nvm/versions/node/v0.12.13/bin/node" "/Users/SJ/.nvm/versions/node/v0.12.13/bin/npm" "start"
8 error node v0.12.13
9 error npm  v2.15.0
10 error missing script: start
11 error If you need help, you may report this error at:
11 error     <https://github.com/npm/npm/issues>
12 verbose exit [ 1, true ]
